Using pre-set license
Built from '2022.2/staging' branch; Version is '2022.2.6f1 (10bfa6201ced) revision 1097638'; Using compiler version '192829333'; Build Type 'Release'
OS: 'Windows 10  (10.0.19045) 64bit Professional' Language: 'en' Physical Memory: 32650 MB
BatchMode: 1, IsHumanControllingUs: 0, StartBugReporterOnCrash: 0, Is64bit: 1, IsPro: 1

COMMAND LINE ARGUMENTS:
C:\Program Files\Unity\Hub\Editor\2022.2.6f1\Editor\Unity.exe
-adb2
-batchMode
-noUpm
-name
AssetImportWorker0
-projectPath
C:/Users/Max/Desktop/Game Development/Assessment3/Pac-man
-logFile
Logs/AssetImportWorker0.log
-srvPort
54696
Successfully changed project path to: C:/Users/Max/Desktop/Game Development/Assessment3/Pac-man
C:/Users/Max/Desktop/Game Development/Assessment3/Pac-man
[UnityMemory] Configuration Parameters - Can be set up in boot.config
    "memorysetup-bucket-allocator-granularity=16"
    "memorysetup-bucket-allocator-bucket-count=8"
    "memorysetup-bucket-allocator-block-size=33554432"
    "memorysetup-bucket-allocator-block-count=8"
    "memorysetup-main-allocator-block-size=16777216"
    "memorysetup-thread-allocator-block-size=16777216"
    "memorysetup-gfx-main-allocator-block-size=16777216"
    "memorysetup-gfx-thread-allocator-block-size=16777216"
    "memorysetup-cache-allocator-block-size=4194304"
    "memorysetup-typetree-allocator-block-size=2097152"
    "memorysetup-profiler-bucket-allocator-granularity=16"
    "memorysetup-profiler-bucket-allocator-bucket-count=8"
    "memorysetup-profiler-bucket-allocator-block-size=33554432"
    "memorysetup-profiler-bucket-allocator-block-count=8"
    "memorysetup-profiler-allocator-block-size=16777216"
    "memorysetup-profiler-editor-allocator-block-size=1048576"
    "memorysetup-temp-allocator-size-main=16777216"
    "memorysetup-job-temp-allocator-block-size=2097152"
    "memorysetup-job-temp-allocator-block-size-background=1048576"
    "memorysetup-job-temp-allocator-reduction-small-platforms=262144"
    "memorysetup-temp-allocator-size-background-worker=32768"
    "memorysetup-temp-allocator-size-job-worker=262144"
    "memorysetup-temp-allocator-size-preload-manager=33554432"
    "memorysetup-temp-allocator-size-nav-mesh-worker=65536"
    "memorysetup-temp-allocator-size-audio-worker=65536"
    "memorysetup-temp-allocator-size-cloud-worker=32768"
    "memorysetup-temp-allocator-size-gi-baking-worker=262144"
    "memorysetup-temp-allocator-size-gfx=262144"
Player connection [47012] Host "[IP] 192.168.1.188 [Port] 0 [Flags] 2 [Guid] 1770895357 [EditorId] 1770895357 [Version] 1048832 [Id] WindowsEditor(7,DESKTOP-DT77ECS) [Debug] 1 [PackageName] WindowsEditor [ProjectName] Editor" joined multi-casting on [225.0.0.222:54997]...

Player connection [47012] Host "[IP] 192.168.1.188 [Port] 0 [Flags] 2 [Guid] 1770895357 [EditorId] 1770895357 [Version] 1048832 [Id] WindowsEditor(7,DESKTOP-DT77ECS) [Debug] 1 [PackageName] WindowsEditor [ProjectName] Editor" joined alternative multi-casting on [225.0.0.222:34997]...

Refreshing native plugins compatible for Editor in 96.56 ms, found 4 plugins.
Preloading 0 native plugins for Editor in 0.00 ms.
Initialize engine version: 2022.2.6f1 (10bfa6201ced)
[Subsystems] Discovering subsystems at path C:/Program Files/Unity/Hub/Editor/2022.2.6f1/Editor/Data/Resources/UnitySubsystems
[Subsystems] Discovering subsystems at path C:/Users/Max/Desktop/Game Development/Assessment3/Pac-man/Assets
GfxDevice: creating device client; threaded=0; jobified=0
Direct3D:
    Version:  Direct3D 11.0 [level 11.1]
    Renderer: NVIDIA GeForce RTX 3060 Ti (ID=0x2489)
    Vendor:   NVIDIA
    VRAM:     8038 MB
    Driver:   31.0.15.3623
Initialize mono
Mono path[0] = 'C:/Program Files/Unity/Hub/Editor/2022.2.6f1/Editor/Data/Managed'
Mono path[1] = 'C:/Program Files/Unity/Hub/Editor/2022.2.6f1/Editor/Data/MonoBleedingEdge/lib/mono/unityjit-win32'
Mono config path = 'C:/Program Files/Unity/Hub/Editor/2022.2.6f1/Editor/Data/MonoBleedingEdge/etc'
Using monoOptions --debugger-agent=transport=dt_socket,embedding=1,server=y,suspend=n,address=127.0.0.1:56332
Begin MonoManager ReloadAssembly
Registering precompiled unity dll's ...
Register platform support module: C:/Program Files/Unity/Hub/Editor/2022.2.6f1/Editor/Data/PlaybackEngines/WindowsStandaloneSupport/UnityEditor.WindowsStandalone.Extensions.dll
Registered in 0.048096 seconds.
- Loaded All Assemblies, in  0.530 seconds
Native extension for WindowsStandalone target not found
Mono: successfully reloaded assembly
- Finished resetting the current domain, in  0.226 seconds
Domain Reload Profiling:
	ReloadAssembly (371ms)
		BeginReloadAssembly (155ms)
			ExecutionOrderSort (0ms)
			DisableScriptedObjects (0ms)
			BackupInstance (0ms)
			ReleaseScriptingObjects (0ms)
			CreateAndSetChildDomain (1ms)
		LoadAllAssembliesAndSetupDomain (0ms)
			LoadAssemblies (146ms)
			RebuildTransferFunctionScriptingTraits (0ms)
			SetupTypeCache (120ms)
				TypeCache.Initialize (120ms)
					TypeCache.ScanAssembly (118ms)
				ResolveRequiredComponents (0ms)
		FinalizeReload (0ms)
			ReleaseScriptCaches (0ms)
			RebuildScriptCaches (0ms)
			SetupLoadedEditorAssemblies (181ms)
				LogAssemblyErrors (0ms)
				InitializePlatformSupportModulesInManaged (20ms)
				SetLoadedEditorAssemblies (7ms)
				RefreshPlugins (0ms)
				BeforeProcessingInitializeOnLoad (1ms)
				ProcessInitializeOnLoadAttributes (114ms)
				ProcessInitializeOnLoadMethodAttributes (39ms)
				AfterProcessingInitializeOnLoad (0ms)
				EditorAssembliesLoaded (0ms)
			ExecutionOrderSort2 (0ms)
			AwakeInstancesAfterBackupRestoration (0ms)
========================================================================
Worker process is ready to serve import requests
Begin MonoManager ReloadAssembly
Symbol file LoadedFromMemory doesn't match image C:\Users\Max\Desktop\Game Development\Assessment3\Pac-man\Library\PackageCache\com.unity.visualscripting@1.8.0\Editor\VisualScripting.Core\Dependencies\YamlDotNet\Unity.VisualScripting.YamlDotNet.dll
Symbol file LoadedFromMemory doesn't match image C:\Users\Max\Desktop\Game Development\Assessment3\Pac-man\Library\PackageCache\com.unity.visualscripting@1.8.0\Editor\VisualScripting.Core\Dependencies\DotNetZip\Unity.VisualScripting.IonicZip.dll
- Loaded All Assemblies, in  1.469 seconds
Refreshing native plugins compatible for Editor in 82.69 ms, found 4 plugins.
Native extension for WindowsStandalone target not found
Mono: successfully reloaded assembly
- Finished resetting the current domain, in  0.702 seconds
Domain Reload Profiling:
	ReloadAssembly (319ms)
		BeginReloadAssembly (193ms)
			ExecutionOrderSort (0ms)
			DisableScriptedObjects (4ms)
			BackupInstance (0ms)
			ReleaseScriptingObjects (0ms)
			CreateAndSetChildDomain (20ms)
		LoadAllAssembliesAndSetupDomain (1120ms)
			LoadAssemblies (774ms)
			RebuildTransferFunctionScriptingTraits (0ms)
			SetupTypeCache (422ms)
				TypeCache.Initialize (226ms)
					TypeCache.ScanAssembly (222ms)
				ResolveRequiredComponents (3ms)
		FinalizeReload (0ms)
			ReleaseScriptCaches (0ms)
			RebuildScriptCaches (0ms)
			SetupLoadedEditorAssemblies (567ms)
				LogAssemblyErrors (0ms)
				InitializePlatformSupportModulesInManaged (17ms)
				SetLoadedEditorAssemblies (4ms)
				RefreshPlugins (0ms)
				BeforeProcessingInitializeOnLoad (191ms)
				ProcessInitializeOnLoadAttributes (214ms)
				ProcessInitializeOnLoadMethodAttributes (102ms)
				AfterProcessingInitializeOnLoad (39ms)
				EditorAssembliesLoaded (0ms)
			ExecutionOrderSort2 (0ms)
			AwakeInstancesAfterBackupRestoration (8ms)
Launched and connected shader compiler UnityShaderCompiler.exe after 0.05 seconds
Refreshing native plugins compatible for Editor in 77.22 ms, found 4 plugins.
Preloading 0 native plugins for Editor in 0.00 ms.
Unloading 4877 Unused Serialized files (Serialized files now loaded: 0)
Unloading 124 unused Assets / (116.6 KB). Loaded Objects now: 5253.
Memory consumption went from 0.73 GB to 0.73 GB.
Total: 5.660000 ms (FindLiveObjects: 0.371800 ms CreateObjectMapping: 0.111100 ms MarkObjects: 4.981700 ms  DeleteObjects: 0.194800 ms)

AssetImportParameters requested are different than current active one (requested -> active):
  custom:container-demuxer-ogg: 62fdf1f143b41e24485cea50d1cbac27 -> 
  custom:video-decoder-ogg-theora: a1e56fd34408186e4bbccfd4996cb3dc -> 
  custom:framework-win-MediaFoundation: 216162199b28c13a410421893ffa2e32 -> 
  custom:container-demuxer-webm: 4f35f7cbe854078d1ac9338744f61a02 -> 
  custom:container-muxer-webm: aa71ff27fc2769a1b78a27578f13a17b -> 
  custom:video-decoder-webm-vp8: 9c59270c3fd7afecdb556c50c9e8de78 -> 
  custom:AudioImporter_EditorPlatform: d09bf68614088b80899f8185d706f6e7 -> 
  custom:video-encoder-webm-vp8: eb34c28f22e8b96e1ab97ce403110664 -> 
  custom:audio-decoder-ogg-vorbis: bf7c407c2cedff20999df2af8eb42d56 -> 
  custom:audio-encoder-webm-vorbis: bf7c407c2cedff20999df2af8eb42d56 -> 
========================================================================
Received Import Request.
  Time since last request: 1069230.689094 seconds.
  path: Assets/VisualAssets/PacStudent.png
  artifactKey: Guid(ddd723dc964ad6e40b3c39c48ad5c00a) Importer(815301076,1909f56bfc062723c751e8b465ee728b)
Start importing Assets/VisualAssets/PacStudent.png using Guid(ddd723dc964ad6e40b3c39c48ad5c00a) Importer(815301076,1909f56bfc062723c751e8b465ee728b)  -> (artifact id: '86846b5e3976dbefa6686ed0814de1b1') in 0.068341 seconds 
Number of updated asset objects reloaded before import = 0
Number of asset objects unloaded after import = 3
========================================================================
Received Import Request.
  Time since last request: 41.032936 seconds.
  path: Assets/VisualAssets/Ghost-1.png
  artifactKey: Guid(444745f0b40e5a0478e226aff48aa664) Importer(815301076,1909f56bfc062723c751e8b465ee728b)
Start importing Assets/VisualAssets/Ghost-1.png using Guid(444745f0b40e5a0478e226aff48aa664) Importer(815301076,1909f56bfc062723c751e8b465ee728b)  -> (artifact id: '2a6ad06dd99242fccdf1a6cf58ac8224') in 0.030328 seconds 
Number of updated asset objects reloaded before import = 0
Number of asset objects unloaded after import = 3
========================================================================
Received Import Request.
  Time since last request: 327.160090 seconds.
  path: Assets/VisualAssets/Ghost-2.png
  artifactKey: Guid(99291541337a5c845bcc4152b3782a54) Importer(815301076,1909f56bfc062723c751e8b465ee728b)
Start importing Assets/VisualAssets/Ghost-2.png using Guid(99291541337a5c845bcc4152b3782a54) Importer(815301076,1909f56bfc062723c751e8b465ee728b)  -> (artifact id: '7ea3af4ba54cf2e9db37471dbaa9e5aa') in 0.022695 seconds 
Number of updated asset objects reloaded before import = 0
Number of asset objects unloaded after import = 3
========================================================================
Received Import Request.
  Time since last request: 0.000018 seconds.
  path: Assets/VisualAssets/Ghost-4.png
  artifactKey: Guid(22b18dc12e03c254e8a7e4912ad667bc) Importer(815301076,1909f56bfc062723c751e8b465ee728b)
Start importing Assets/VisualAssets/Ghost-4.png using Guid(22b18dc12e03c254e8a7e4912ad667bc) Importer(815301076,1909f56bfc062723c751e8b465ee728b)  -> (artifact id: 'e78ff468e6716bff1ba04de9c27324c4') in 0.030228 seconds 
Number of updated asset objects reloaded before import = 0
Number of asset objects unloaded after import = 3
========================================================================
Received Import Request.
  Time since last request: 313.506376 seconds.
  path: Assets/VisualAssets/Normal-pellet.png
  artifactKey: Guid(410d41a788184ad40b6bf9b555c28ef4) Importer(815301076,1909f56bfc062723c751e8b465ee728b)
Start importing Assets/VisualAssets/Normal-pellet.png using Guid(410d41a788184ad40b6bf9b555c28ef4) Importer(815301076,1909f56bfc062723c751e8b465ee728b)  -> (artifact id: 'b01df8f6d86ed421348fd98b52fd75b8') in 0.021920 seconds 
Number of updated asset objects reloaded before import = 0
Number of asset objects unloaded after import = 3
========================================================================
Received Import Request.
  Time since last request: 363.790193 seconds.
  path: Assets/VisualAssets/Power-pellet.png
  artifactKey: Guid(dfda67580369b9a4280b3a48ce36c634) Importer(815301076,1909f56bfc062723c751e8b465ee728b)
Start importing Assets/VisualAssets/Power-pellet.png using Guid(dfda67580369b9a4280b3a48ce36c634) Importer(815301076,1909f56bfc062723c751e8b465ee728b)  -> (artifact id: 'c2be1930b2f2f8280a3f1921225bf703') in 0.010062 seconds 
Number of updated asset objects reloaded before import = 0
Number of asset objects unloaded after import = 3
========================================================================
Received Import Request.
  Time since last request: 15.363761 seconds.
  path: Assets/VisualAssets/2.png
  artifactKey: Guid(65d94487852d53c4ca41dbb52936f601) Importer(815301076,1909f56bfc062723c751e8b465ee728b)
Start importing Assets/VisualAssets/2.png using Guid(65d94487852d53c4ca41dbb52936f601) Importer(815301076,1909f56bfc062723c751e8b465ee728b)  -> (artifact id: '16b3353d7a850261c3b81c917f73109e') in 0.027741 seconds 
Number of updated asset objects reloaded before import = 0
Number of asset objects unloaded after import = 3
========================================================================
Received Import Request.
  Time since last request: 153.846715 seconds.
  path: Assets/VisualAssets/Bonus-score-cherry.png
  artifactKey: Guid(cf51487c9baf7b746922b31959732a60) Importer(815301076,1909f56bfc062723c751e8b465ee728b)
Start importing Assets/VisualAssets/Bonus-score-cherry.png using Guid(cf51487c9baf7b746922b31959732a60) Importer(815301076,1909f56bfc062723c751e8b465ee728b)  -> (artifact id: 'e13a8da419109eff0b2e0f229b1993c1') in 0.017161 seconds 
Number of updated asset objects reloaded before import = 0
Number of asset objects unloaded after import = 3
========================================================================
Received Import Request.
  Time since last request: 309.280072 seconds.
  path: Assets/VisualAssets/life-indicator.png
  artifactKey: Guid(d262664cdf481cd4498dd169fa6f4e3b) Importer(815301076,1909f56bfc062723c751e8b465ee728b)
Start importing Assets/VisualAssets/life-indicator.png using Guid(d262664cdf481cd4498dd169fa6f4e3b) Importer(815301076,1909f56bfc062723c751e8b465ee728b)  -> (artifact id: '34722c84f19ba5806dd2bb81718e69bc') in 0.020085 seconds 
Number of updated asset objects reloaded before import = 0
Number of asset objects unloaded after import = 3
========================================================================
Received Import Request.
  Time since last request: 160.406402 seconds.
  path: Assets/VisualAssets/Wall .png
  artifactKey: Guid(a728356508bcabc4f85dafdc66d431ce) Importer(815301076,1909f56bfc062723c751e8b465ee728b)
Start importing Assets/VisualAssets/Wall .png using Guid(a728356508bcabc4f85dafdc66d431ce) Importer(815301076,1909f56bfc062723c751e8b465ee728b)  -> (artifact id: '546019abf183d320f3b25ad874711ab8') in 0.016387 seconds 
Number of updated asset objects reloaded before import = 0
Number of asset objects unloaded after import = 3
========================================================================
Received Import Request.
  Time since last request: 12.022414 seconds.
  path: Assets/VisualAssets/Wall.png
  artifactKey: Guid(a728356508bcabc4f85dafdc66d431ce) Importer(815301076,1909f56bfc062723c751e8b465ee728b)
Start importing Assets/VisualAssets/Wall.png using Guid(a728356508bcabc4f85dafdc66d431ce) Importer(815301076,1909f56bfc062723c751e8b465ee728b)  -> (artifact id: '84396ba704912f08d00226a42e568e62') in 0.007616 seconds 
Number of updated asset objects reloaded before import = 0
Number of asset objects unloaded after import = 3
========================================================================
Received Import Request.
  Time since last request: 63.571765 seconds.
  path: Assets/VisualAssets/Power-pellet.png
  artifactKey: Guid(65d94487852d53c4ca41dbb52936f601) Importer(815301076,1909f56bfc062723c751e8b465ee728b)
Start importing Assets/VisualAssets/Power-pellet.png using Guid(65d94487852d53c4ca41dbb52936f601) Importer(815301076,1909f56bfc062723c751e8b465ee728b)  -> (artifact id: 'e07cb2e19f2889682f4262b72f9e9a71') in 0.007656 seconds 
Number of updated asset objects reloaded before import = 0
Number of asset objects unloaded after import = 3
========================================================================
Received Import Request.
  Time since last request: 307.760253 seconds.
  path: Assets/Scenes
  artifactKey: Guid(131a6b21c8605f84396be9f6751fb6e3) Importer(815301076,1909f56bfc062723c751e8b465ee728b)
Start importing Assets/Scenes using Guid(131a6b21c8605f84396be9f6751fb6e3) Importer(815301076,1909f56bfc062723c751e8b465ee728b)  -> (artifact id: 'dc9a272d8d77fb16c61ff0f40035c077') in 0.000682 seconds 
Number of updated asset objects reloaded before import = 0
Number of asset objects unloaded after import = 0
========================================================================
Received Import Request.
  Time since last request: 0.867605 seconds.
  path: Assets/Scenes/SampleScene.unity
  artifactKey: Guid(2cda990e2423bbf4892e6590ba056729) Importer(815301076,1909f56bfc062723c751e8b465ee728b)
Start importing Assets/Scenes/SampleScene.unity using Guid(2cda990e2423bbf4892e6590ba056729) Importer(815301076,1909f56bfc062723c751e8b465ee728b)  -> (artifact id: 'f75216e22e482a9a66ac50b847e142ca') in 0.000670 seconds 
Number of updated asset objects reloaded before import = 0
Number of asset objects unloaded after import = 0
========================================================================
Received Import Request.
  Time since last request: 25.848692 seconds.
  path: Assets/Scenes/Pacman.unity
  artifactKey: Guid(f123fad84e2c8a24aaa42db86b4dec07) Importer(815301076,1909f56bfc062723c751e8b465ee728b)
Start importing Assets/Scenes/Pacman.unity using Guid(f123fad84e2c8a24aaa42db86b4dec07) Importer(815301076,1909f56bfc062723c751e8b465ee728b)  -> (artifact id: 'e15c3fc596168bf4c39a9c51ad0a766d') in 0.000715 seconds 
Number of updated asset objects reloaded before import = 0
Number of asset objects unloaded after import = 0
